Performing system checks...

System check identified no issues (0 silenced).
May 23, 2026 - 12:10:51
Django version 6.0.5, using settings 'config.settings'
Starting development server at http://127.0.0.1:8001/
Quit the server with CTRL-BREAK.

WARNING: This is a development server. Do not use it in a production setting. Use a production WSGI or ASGI server instead.
For more information on production servers see: https://docs.djangoproject.com/en/6.0/howto/deployment/
Performing system checks...

System check identified no issues (0 silenced).
May 23, 2026 - 12:46:22
Django version 6.0.5, using settings 'config.settings'
Starting development server at http://127.0.0.1:8001/
Quit the server with CTRL-BREAK.

WARNING: This is a development server. Do not use it in a production setting. Use a production WSGI or ASGI server instead.
For more information on production servers see: https://docs.djangoproject.com/en/6.0/howto/deployment/
Performing system checks...

System check identified no issues (0 silenced).
May 23, 2026 - 12:47:00
Django version 6.0.5, using settings 'config.settings'
Starting development server at http://127.0.0.1:8001/
Quit the server with CTRL-BREAK.

WARNING: This is a development server. Do not use it in a production setting. Use a production WSGI or ASGI server instead.
For more information on production servers see: https://docs.djangoproject.com/en/6.0/howto/deployment/
Performing system checks...

System check identified no issues (0 silenced).
May 23, 2026 - 12:48:07
Django version 6.0.5, using settings 'config.settings'
Starting development server at http://127.0.0.1:8001/
Quit the server with CTRL-BREAK.

WARNING: This is a development server. Do not use it in a production setting. Use a production WSGI or ASGI server instead.
For more information on production servers see: https://docs.djangoproject.com/en/6.0/howto/deployment/
Performing system checks...

System check identified no issues (0 silenced).
May 23, 2026 - 12:48:32
Django version 6.0.5, using settings 'config.settings'
Starting development server at http://127.0.0.1:8001/
Quit the server with CTRL-BREAK.

WARNING: This is a development server. Do not use it in a production setting. Use a production WSGI or ASGI server instead.
For more information on production servers see: https://docs.djangoproject.com/en/6.0/howto/deployment/
Performing system checks...

System check identified no issues (0 silenced).
May 23, 2026 - 12:48:56
Django version 6.0.5, using settings 'config.settings'
Starting development server at http://127.0.0.1:8001/
Quit the server with CTRL-BREAK.

WARNING: This is a development server. Do not use it in a production setting. Use a production WSGI or ASGI server instead.
For more information on production servers see: https://docs.djangoproject.com/en/6.0/howto/deployment/
Performing system checks...

System check identified no issues (0 silenced).
May 23, 2026 - 12:59:21
Django version 6.0.5, using settings 'config.settings'
Starting development server at http://127.0.0.1:8001/
Quit the server with CTRL-BREAK.

WARNING: This is a development server. Do not use it in a production setting. Use a production WSGI or ASGI server instead.
For more information on production servers see: https://docs.djangoproject.com/en/6.0/howto/deployment/
